<?xml version="1.0" encoding="UTF-8"?>
<testsuite name="EncryptTest" tests="1" skipped="0" failures="0" errors="0" timestamp="2022-01-24T04:31:36" hostname="moringa-ThinkPad-X260" time="0.005">
  <properties/>
  <testcase name="newEncrypt_replaceLetter_a" classname="EncryptTest" time="0.005"/>
  <system-out><![CDATA[]]></system-out>
  <system-err><![CDATA[]]></system-err>
</testsuite>
